  [1m[35m (31.5ms)[0m  [1m[35mCREATE TABLE "schema_migrations" ("version" character varying NOT NULL PRIMARY KEY)[0m
  ↳ /Users/mikepogran/.rbenv/versions/2.5.7/bin/rake:23
  [1m[35m (3.8ms)[0m  [1m[35mCREATE TABLE "ar_internal_metadata" ("key" character varying NOT NULL PRIMARY KEY, "value" character varying, "created_at" timestamp NOT NULL, "updated_at" timestamp NOT NULL)[0m
  ↳ /Users/mikepogran/.rbenv/versions/2.5.7/bin/rake:23
  [1m[35m (0.7ms)[0m  [1m[34mSELECT pg_try_advisory_lock(1347752862618828750)[0m
  ↳ /Users/mikepogran/.rbenv/versions/2.5.7/bin/rake:23
  [1m[35m (3.7ms)[0m  [1m[34mSELECT "schema_migrations"."version" FROM "schema_migrations" ORDER BY "schema_migrations"."version" ASC[0m
  ↳ /Users/mikepogran/.rbenv/versions/2.5.7/bin/rake:23
Migrating to CreateUsers (20191118034519)
  [1m[35m (0.3ms)[0m  [1m[35mBEGIN[0m
  ↳ /Users/mikepogran/.rbenv/versions/2.5.7/bin/rake:23
  [1m[35m (13.7ms)[0m  [1m[35mCREATE TABLE "users" ("id" bigserial primary key, "name" character varying, "email" character varying, "password_digest" character varying, "created_at" timestamp NOT NULL, "updated_at" timestamp NOT NULL, "deleted_at" timestamp)[0m
  ↳ db/migrate/20191118034519_create_users.rb:3
  [1m[36mActiveRecord::SchemaMigration Create (1.2ms)[0m  [1m[32mINSERT INTO "schema_migrations" ("version") VALUES ($1) RETURNING "version"[0m  [["version", "20191118034519"]]
  ↳ /Users/mikepogran/.rbenv/versions/2.5.7/bin/rake:23
  [1m[35m (0.9ms)[0m  [1m[35mCOMMIT[0m
  ↳ /Users/mikepogran/.rbenv/versions/2.5.7/bin/rake:23
Migrating to CreateRecipes (20191118034747)
  [1m[35m (0.7ms)[0m  [1m[35mBEGIN[0m
  ↳ /Users/mikepogran/.rbenv/versions/2.5.7/bin/rake:23
  [1m[35m (18.5ms)[0m  [1m[35mCREATE TABLE "recipes" ("id" bigserial primary key, "folder_id" bigint, "source" character varying, "title" character varying, "author" character varying, "instructions" text, "created_at" timestamp NOT NULL, "updated_at" timestamp NOT NULL, "deleted_at" timestamp, CONSTRAINT "fk_rails_1cac2b8191"
FOREIGN KEY ("folder_id")
  REFERENCES "folders" ("id")
)[0m
  ↳ db/migrate/20191118034747_create_recipes.rb:3
  [1m[35m (0.5ms)[0m  [1m[31mROLLBACK[0m
  ↳ /Users/mikepogran/.rbenv/versions/2.5.7/bin/rake:23
  [1m[35m (0.5ms)[0m  [1m[34mSELECT pg_advisory_unlock(1347752862618828750)[0m
  ↳ /Users/mikepogran/.rbenv/versions/2.5.7/bin/rake:23
  [1m[35m (0.1ms)[0m  [1m[34mSELECT pg_try_advisory_lock(1347752862618828750)[0m
  ↳ /Users/mikepogran/.rbenv/versions/2.5.7/bin/rake:23
  [1m[35m (0.5ms)[0m  [1m[34mSELECT "schema_migrations"."version" FROM "schema_migrations" ORDER BY "schema_migrations"."version" ASC[0m
  ↳ /Users/mikepogran/.rbenv/versions/2.5.7/bin/rake:23
Migrating to CreateIngredients (20191120030513)
  [1m[35m (0.1ms)[0m  [1m[35mBEGIN[0m
  ↳ /Users/mikepogran/.rbenv/versions/2.5.7/bin/rake:23
  [1m[35m (8.7ms)[0m  [1m[35mCREATE TABLE "ingredients" ("id" bigserial primary key, "name" character varying, "created_at" timestamp NOT NULL, "updated_at" timestamp NOT NULL, "deleted_at" timestamp)[0m
  ↳ db/migrate/20191120030513_create_ingredients.rb:3
  [1m[36mActiveRecord::SchemaMigration Create (0.4ms)[0m  [1m[32mINSERT INTO "schema_migrations" ("version") VALUES ($1) RETURNING "version"[0m  [["version", "20191120030513"]]
  ↳ /Users/mikepogran/.rbenv/versions/2.5.7/bin/rake:23
  [1m[35m (0.6ms)[0m  [1m[35mCOMMIT[0m
  ↳ /Users/mikepogran/.rbenv/versions/2.5.7/bin/rake:23
Migrating to CreateFolders (20191120030551)
  [1m[35m (0.2ms)[0m  [1m[35mBEGIN[0m
  ↳ /Users/mikepogran/.rbenv/versions/2.5.7/bin/rake:23
  [1m[35m (3.8ms)[0m  [1m[35mCREATE TABLE "folders" ("id" bigserial primary key, "name" character varying, "created_at" timestamp NOT NULL, "updated_at" timestamp NOT NULL, "deleted_at" timestamp)[0m
  ↳ db/migrate/20191120030551_create_folders.rb:3
  [1m[36mActiveRecord::SchemaMigration Create (0.7ms)[0m  [1m[32mINSERT INTO "schema_migrations" ("version") VALUES ($1) RETURNING "version"[0m  [["version", "20191120030551"]]
  ↳ /Users/mikepogran/.rbenv/versions/2.5.7/bin/rake:23
  [1m[35m (0.7ms)[0m  [1m[35mCOMMIT[0m
  ↳ /Users/mikepogran/.rbenv/versions/2.5.7/bin/rake:23
Migrating to CreateLists (20191120030658)
  [1m[35m (0.3ms)[0m  [1m[35mBEGIN[0m
  ↳ /Users/mikepogran/.rbenv/versions/2.5.7/bin/rake:23
  [1m[35m (5.2ms)[0m  [1m[35mCREATE TABLE "lists" ("id" bigserial primary key, "title" character varying, "created_at" timestamp NOT NULL, "updated_at" timestamp NOT NULL, "deleted_at" timestamp)[0m
  ↳ db/migrate/20191120030658_create_lists.rb:3
  [1m[36mActiveRecord::SchemaMigration Create (0.4ms)[0m  [1m[32mINSERT INTO "schema_migrations" ("version") VALUES ($1) RETURNING "version"[0m  [["version", "20191120030658"]]
  ↳ /Users/mikepogran/.rbenv/versions/2.5.7/bin/rake:23
  [1m[35m (0.7ms)[0m  [1m[35mCOMMIT[0m
  ↳ /Users/mikepogran/.rbenv/versions/2.5.7/bin/rake:23
Migrating to CreateRecipes (20191120030660)
  [1m[35m (0.4ms)[0m  [1m[35mBEGIN[0m
  ↳ /Users/mikepogran/.rbenv/versions/2.5.7/bin/rake:23
  [1m[35m (11.4ms)[0m  [1m[35mCREATE TABLE "recipes" ("id" bigserial primary key, "folder_id" bigint, "source" character varying, "title" character varying, "author" character varying, "instructions" text, "created_at" timestamp NOT NULL, "updated_at" timestamp NOT NULL, "deleted_at" timestamp, CONSTRAINT "fk_rails_1cac2b8191"
FOREIGN KEY ("folder_id")
  REFERENCES "folders" ("id")
)[0m
  ↳ db/migrate/20191120030660_create_recipes.rb:3
  [1m[35m (1.5ms)[0m  [1m[35mCREATE  INDEX  "index_recipes_on_folder_id" ON "recipes"  ("folder_id")[0m
  ↳ db/migrate/20191120030660_create_recipes.rb:3
  [1m[36mActiveRecord::SchemaMigration Create (0.3ms)[0m  [1m[32mINSERT INTO "schema_migrations" ("version") VALUES ($1) RETURNING "version"[0m  [["version", "20191120030660"]]
  ↳ /Users/mikepogran/.rbenv/versions/2.5.7/bin/rake:23
  [1m[35m (0.6ms)[0m  [1m[35mCOMMIT[0m
  ↳ /Users/mikepogran/.rbenv/versions/2.5.7/bin/rake:23
Migrating to CreateUserRecipes (20191120030737)
  [1m[35m (0.6ms)[0m  [1m[35mBEGIN[0m
  ↳ /Users/mikepogran/.rbenv/versions/2.5.7/bin/rake:23
  [1m[35m (3.1ms)[0m  [1m[35mCREATE TABLE "user_recipes" ("id" bigserial primary key, "user_id" bigint NOT NULL, "recipe_id" bigint NOT NULL, "owner" boolean DEFAULT FALSE NOT NULL, "favorite" boolean DEFAULT FALSE NOT NULL, "created_at" timestamp NOT NULL, "updated_at" timestamp NOT NULL, "deleted_at" timestamp, CONSTRAINT "fk_rails_6a6d01dc88"
FOREIGN KEY ("user_id")
  REFERENCES "users" ("id")
, CONSTRAINT "fk_rails_4aca9f774c"
FOREIGN KEY ("recipe_id")
  REFERENCES "recipes" ("id")
)[0m
  ↳ db/migrate/20191120030737_create_user_recipes.rb:3
  [1m[35m (1.9ms)[0m  [1m[35mCREATE  INDEX  "index_user_recipes_on_user_id" ON "user_recipes"  ("user_id")[0m
  ↳ db/migrate/20191120030737_create_user_recipes.rb:3
  [1m[35m (1.2ms)[0m  [1m[35mCREATE  INDEX  "index_user_recipes_on_recipe_id" ON "user_recipes"  ("recipe_id")[0m
  ↳ db/migrate/20191120030737_create_user_recipes.rb:3
  [1m[36mActiveRecord::SchemaMigration Create (0.4ms)[0m  [1m[32mINSERT INTO "schema_migrations" ("version") VALUES ($1) RETURNING "version"[0m  [["version", "20191120030737"]]
  ↳ /Users/mikepogran/.rbenv/versions/2.5.7/bin/rake:23
  [1m[35m (0.4ms)[0m  [1m[35mCOMMIT[0m
  ↳ /Users/mikepogran/.rbenv/versions/2.5.7/bin/rake:23
Migrating to CreateUserLists (20191120031045)
  [1m[35m (0.2ms)[0m  [1m[35mBEGIN[0m
  ↳ /Users/mikepogran/.rbenv/versions/2.5.7/bin/rake:23
  [1m[35m (2.8ms)[0m  [1m[35mCREATE TABLE "user_lists" ("id" bigserial primary key, "user_id" bigint NOT NULL, "list_id" bigint NOT NULL, "owner" boolean DEFAULT FALSE NOT NULL, "favorite" boolean DEFAULT FALSE NOT NULL, "created_at" timestamp NOT NULL, "updated_at" timestamp NOT NULL, "deleted_at" timestamp, CONSTRAINT "fk_rails_7b6eb4d716"
FOREIGN KEY ("user_id")
  REFERENCES "users" ("id")
, CONSTRAINT "fk_rails_71a493bef7"
FOREIGN KEY ("list_id")
  REFERENCES "lists" ("id")
)[0m
  ↳ db/migrate/20191120031045_create_user_lists.rb:3
  [1m[35m (0.8ms)[0m  [1m[35mCREATE  INDEX  "index_user_lists_on_user_id" ON "user_lists"  ("user_id")[0m
  ↳ db/migrate/20191120031045_create_user_lists.rb:3
  [1m[35m (2.9ms)[0m  [1m[35mCREATE  INDEX  "index_user_lists_on_list_id" ON "user_lists"  ("list_id")[0m
  ↳ db/migrate/20191120031045_create_user_lists.rb:3
  [1m[36mActiveRecord::SchemaMigration Create (0.4ms)[0m  [1m[32mINSERT INTO "schema_migrations" ("version") VALUES ($1) RETURNING "version"[0m  [["version", "20191120031045"]]
  ↳ /Users/mikepogran/.rbenv/versions/2.5.7/bin/rake:23
  [1m[35m (0.7ms)[0m  [1m[35mCOMMIT[0m
  ↳ /Users/mikepogran/.rbenv/versions/2.5.7/bin/rake:23
Migrating to CreateUserFolders (20191120031306)
  [1m[35m (0.6ms)[0m  [1m[35mBEGIN[0m
  ↳ /Users/mikepogran/.rbenv/versions/2.5.7/bin/rake:23
  [1m[35m (2.4ms)[0m  [1m[35mCREATE TABLE "user_folders" ("id" bigserial primary key, "user_id" bigint NOT NULL, "list_id" bigint NOT NULL, "owner" boolean DEFAULT FALSE NOT NULL, "favorite" boolean DEFAULT FALSE NOT NULL, "created_at" timestamp NOT NULL, "updated_at" timestamp NOT NULL, "deleted_at" timestamp, CONSTRAINT "fk_rails_8abead6aee"
FOREIGN KEY ("user_id")
  REFERENCES "users" ("id")
, CONSTRAINT "fk_rails_95559a6456"
FOREIGN KEY ("list_id")
  REFERENCES "lists" ("id")
)[0m
  ↳ db/migrate/20191120031306_create_user_folders.rb:3
  [1m[35m (0.9ms)[0m  [1m[35mCREATE  INDEX  "index_user_folders_on_user_id" ON "user_folders"  ("user_id")[0m
  ↳ db/migrate/20191120031306_create_user_folders.rb:3
  [1m[35m (1.1ms)[0m  [1m[35mCREATE  INDEX  "index_user_folders_on_list_id" ON "user_folders"  ("list_id")[0m
  ↳ db/migrate/20191120031306_create_user_folders.rb:3
  [1m[36mActiveRecord::SchemaMigration Create (0.5ms)[0m  [1m[32mINSERT INTO "schema_migrations" ("version") VALUES ($1) RETURNING "version"[0m  [["version", "20191120031306"]]
  ↳ /Users/mikepogran/.rbenv/versions/2.5.7/bin/rake:23
  [1m[35m (0.5ms)[0m  [1m[35mCOMMIT[0m
  ↳ /Users/mikepogran/.rbenv/versions/2.5.7/bin/rake:23
Migrating to CreateRecipeIngredients (20191120032804)
  [1m[35m (0.5ms)[0m  [1m[35mBEGIN[0m
  ↳ /Users/mikepogran/.rbenv/versions/2.5.7/bin/rake:23
  [1m[35m (2.5ms)[0m  [1m[35mCREATE TABLE "recipe_ingredients" ("id" bigserial primary key, "recipe_id" bigint NOT NULL, "ingredient_id" bigint NOT NULL, "created_at" timestamp NOT NULL, "updated_at" timestamp NOT NULL, "deleted_at" timestamp, CONSTRAINT "fk_rails_176a228c1e"
FOREIGN KEY ("recipe_id")
  REFERENCES "recipes" ("id")
, CONSTRAINT "fk_rails_209d9afca6"
FOREIGN KEY ("ingredient_id")
  REFERENCES "ingredients" ("id")
)[0m
  ↳ db/migrate/20191120032804_create_recipe_ingredients.rb:3
  [1m[35m (0.9ms)[0m  [1m[35mCREATE  INDEX  "index_recipe_ingredients_on_recipe_id" ON "recipe_ingredients"  ("recipe_id")[0m
  ↳ db/migrate/20191120032804_create_recipe_ingredients.rb:3
  [1m[35m (1.5ms)[0m  [1m[35mCREATE  INDEX  "index_recipe_ingredients_on_ingredient_id" ON "recipe_ingredients"  ("ingredient_id")[0m
  ↳ db/migrate/20191120032804_create_recipe_ingredients.rb:3
  [1m[36mActiveRecord::SchemaMigration Create (0.5ms)[0m  [1m[32mINSERT INTO "schema_migrations" ("version") VALUES ($1) RETURNING "version"[0m  [["version", "20191120032804"]]
  ↳ /Users/mikepogran/.rbenv/versions/2.5.7/bin/rake:23
  [1m[35m (0.8ms)[0m  [1m[35mCOMMIT[0m
  ↳ /Users/mikepogran/.rbenv/versions/2.5.7/bin/rake:23
Migrating to CreateListIngredients (20191120033324)
  [1m[35m (0.7ms)[0m  [1m[35mBEGIN[0m
  ↳ /Users/mikepogran/.rbenv/versions/2.5.7/bin/rake:23
  [1m[35m (9.6ms)[0m  [1m[35mCREATE TABLE "list_ingredients" ("id" bigserial primary key, "list_id" bigint NOT NULL, "ingredient_id" bigint NOT NULL, "quantity" decimal DEFAULT 0 NOT NULL, "created_at" timestamp NOT NULL, "updated_at" timestamp NOT NULL, "closed_at" timestamp, "deleted_at" timestamp, CONSTRAINT "fk_rails_4076b0381d"
FOREIGN KEY ("list_id")
  REFERENCES "lists" ("id")
, CONSTRAINT "fk_rails_709f2b52d2"
FOREIGN KEY ("ingredient_id")
  REFERENCES "ingredients" ("id")
)[0m
  ↳ db/migrate/20191120033324_create_list_ingredients.rb:3
  [1m[35m (1.4ms)[0m  [1m[35mCREATE  INDEX  "index_list_ingredients_on_list_id" ON "list_ingredients"  ("list_id")[0m
  ↳ db/migrate/20191120033324_create_list_ingredients.rb:3
  [1m[35m (0.8ms)[0m  [1m[35mCREATE  INDEX  "index_list_ingredients_on_ingredient_id" ON "list_ingredients"  ("ingredient_id")[0m
  ↳ db/migrate/20191120033324_create_list_ingredients.rb:3
  [1m[36mActiveRecord::SchemaMigration Create (0.3ms)[0m  [1m[32mINSERT INTO "schema_migrations" ("version") VALUES ($1) RETURNING "version"[0m  [["version", "20191120033324"]]
  ↳ /Users/mikepogran/.rbenv/versions/2.5.7/bin/rake:23
  [1m[35m (0.4ms)[0m  [1m[35mCOMMIT[0m
  ↳ /Users/mikepogran/.rbenv/versions/2.5.7/bin/rake:23
Migrating to CreateListRecipes (20191120033508)
  [1m[35m (0.2ms)[0m  [1m[35mBEGIN[0m
  ↳ /Users/mikepogran/.rbenv/versions/2.5.7/bin/rake:23
  [1m[35m (2.3ms)[0m  [1m[35mCREATE TABLE "list_recipes" ("id" bigserial primary key, "list_id" bigint NOT NULL, "recipe_id" bigint NOT NULL, "created_at" timestamp NOT NULL, "updated_at" timestamp NOT NULL, "deleted_at" timestamp, CONSTRAINT "fk_rails_480b26c8d4"
FOREIGN KEY ("list_id")
  REFERENCES "lists" ("id")
, CONSTRAINT "fk_rails_5da8098b98"
FOREIGN KEY ("recipe_id")
  REFERENCES "recipes" ("id")
)[0m
  ↳ db/migrate/20191120033508_create_list_recipes.rb:3
  [1m[35m (1.1ms)[0m  [1m[35mCREATE  INDEX  "index_list_recipes_on_list_id" ON "list_recipes"  ("list_id")[0m
  ↳ db/migrate/20191120033508_create_list_recipes.rb:3
  [1m[35m (0.9ms)[0m  [1m[35mCREATE  INDEX  "index_list_recipes_on_recipe_id" ON "list_recipes"  ("recipe_id")[0m
  ↳ db/migrate/20191120033508_create_list_recipes.rb:3
  [1m[36mActiveRecord::SchemaMigration Create (0.5ms)[0m  [1m[32mINSERT INTO "schema_migrations" ("version") VALUES ($1) RETURNING "version"[0m  [["version", "20191120033508"]]
  ↳ /Users/mikepogran/.rbenv/versions/2.5.7/bin/rake:23
  [1m[35m (0.7ms)[0m  [1m[35mCOMMIT[0m
  ↳ /Users/mikepogran/.rbenv/versions/2.5.7/bin/rake:23
Migrating to CreateRecipeFields (20191120033710)
  [1m[35m (0.2ms)[0m  [1m[35mBEGIN[0m
  ↳ /Users/mikepogran/.rbenv/versions/2.5.7/bin/rake:23
  [1m[35m (2.7ms)[0m  [1m[35mCREATE TABLE "recipe_fields" ("id" bigserial primary key, "recipe_id" bigint NOT NULL, "type" character varying NOT NULL, "value" character varying NOT NULL, "created_at" timestamp NOT NULL, "updated_at" timestamp NOT NULL, "deleted_at" timestamp, CONSTRAINT "fk_rails_de6a11ffa3"
FOREIGN KEY ("recipe_id")
  REFERENCES "recipes" ("id")
)[0m
  ↳ db/migrate/20191120033710_create_recipe_fields.rb:3
  [1m[35m (0.9ms)[0m  [1m[35mCREATE  INDEX  "index_recipe_fields_on_recipe_id" ON "recipe_fields"  ("recipe_id")[0m
  ↳ db/migrate/20191120033710_create_recipe_fields.rb:3
  [1m[36mActiveRecord::SchemaMigration Create (0.2ms)[0m  [1m[32mINSERT INTO "schema_migrations" ("version") VALUES ($1) RETURNING "version"[0m  [["version", "20191120033710"]]
  ↳ /Users/mikepogran/.rbenv/versions/2.5.7/bin/rake:23
  [1m[35m (0.6ms)[0m  [1m[35mCOMMIT[0m
  ↳ /Users/mikepogran/.rbenv/versions/2.5.7/bin/rake:23
  [1m[36mActiveRecord::InternalMetadata Load (0.5ms)[0m  [1m[34mSELECT  "ar_internal_metadata".* FROM "ar_internal_metadata" WHERE "ar_internal_metadata"."key" = $1 LIMIT $2[0m  [["key", "environment"], ["LIMIT", 1]]
  ↳ /Users/mikepogran/.rbenv/versions/2.5.7/bin/rake:23
  [1m[35m (0.2ms)[0m  [1m[35mBEGIN[0m
  ↳ /Users/mikepogran/.rbenv/versions/2.5.7/bin/rake:23
  [1m[36mActiveRecord::InternalMetadata Create (0.8ms)[0m  [1m[32mINSERT INTO "ar_internal_metadata" ("key", "value", "created_at", "updated_at") VALUES ($1, $2, $3, $4) RETURNING "key"[0m  [["key", "environment"], ["value", "development"], ["created_at", "2020-01-10 02:07:00.013203"], ["updated_at", "2020-01-10 02:07:00.013203"]]
  ↳ /Users/mikepogran/.rbenv/versions/2.5.7/bin/rake:23
  [1m[35m (1.5ms)[0m  [1m[35mCOMMIT[0m
  ↳ /Users/mikepogran/.rbenv/versions/2.5.7/bin/rake:23
  [1m[35m (0.7ms)[0m  [1m[34mSELECT pg_advisory_unlock(1347752862618828750)[0m
  ↳ /Users/mikepogran/.rbenv/versions/2.5.7/bin/rake:23
  [1m[35m (0.2ms)[0m  [1m[34mSELECT "schema_migrations"."version" FROM "schema_migrations" ORDER BY "schema_migrations"."version" ASC[0m
  ↳ /Users/mikepogran/.rbenv/versions/2.5.7/bin/rake:23
  [1m[36mUserRecipe Load (2.3ms)[0m  [1m[34mSELECT  "user_recipes".* FROM "user_recipes" LIMIT $1[0m  [["LIMIT", 11]]
  [1m[36mUserList Load (3.1ms)[0m  [1m[34mSELECT  "user_lists".* FROM "user_lists" LIMIT $1[0m  [["LIMIT", 11]]
  [1m[36mUser Load (6.0ms)[0m  [1m[34mSELECT "users".* FROM "users" WHERE "users"."id" IS NULL[0m
Creating scope :open. Overwriting existing method ListIngredient.open.
  [1m[35m (3.4ms)[0m  [1m[34mSELECT pg_try_advisory_lock(1347752862618828750)[0m
  ↳ /Users/mikepogran/.rbenv/versions/2.5.7/bin/rake:23
  [1m[35m (8.5ms)[0m  [1m[34mSELECT "schema_migrations"."version" FROM "schema_migrations" ORDER BY "schema_migrations"."version" ASC[0m
  ↳ /Users/mikepogran/.rbenv/versions/2.5.7/bin/rake:23
Migrating to CreateUserFolders (20191120031306)
  [1m[35m (0.2ms)[0m  [1m[35mBEGIN[0m
  ↳ /Users/mikepogran/.rbenv/versions/2.5.7/bin/rake:23
  [1m[35m (57.1ms)[0m  [1m[35mDROP TABLE "user_folders"[0m
  ↳ /Users/mikepogran/.rbenv/versions/2.5.7/bin/rake:23
  [1m[36mActiveRecord::SchemaMigration Destroy (4.6ms)[0m  [1m[31mDELETE FROM "schema_migrations" WHERE "schema_migrations"."version" = $1[0m  [["version", "20191120031306"]]
  ↳ /Users/mikepogran/.rbenv/versions/2.5.7/bin/rake:23
  [1m[35m (64.4ms)[0m  [1m[35mCOMMIT[0m
  ↳ /Users/mikepogran/.rbenv/versions/2.5.7/bin/rake:23
  [1m[35m (0.3ms)[0m  [1m[34mSELECT pg_advisory_unlock(1347752862618828750)[0m
  ↳ /Users/mikepogran/.rbenv/versions/2.5.7/bin/rake:23
  [1m[35m (0.4ms)[0m  [1m[34mSELECT "schema_migrations"."version" FROM "schema_migrations" ORDER BY "schema_migrations"."version" ASC[0m
  ↳ /Users/mikepogran/.rbenv/versions/2.5.7/bin/rake:23
  [1m[35m (0.2ms)[0m  [1m[34mSELECT pg_try_advisory_lock(1347752862618828750)[0m
  ↳ /Users/mikepogran/.rbenv/versions/2.5.7/bin/rake:23
  [1m[35m (0.5ms)[0m  [1m[34mSELECT "schema_migrations"."version" FROM "schema_migrations" ORDER BY "schema_migrations"."version" ASC[0m
  ↳ /Users/mikepogran/.rbenv/versions/2.5.7/bin/rake:23
Migrating to CreateUserFolders (20191120031306)
  [1m[35m (0.2ms)[0m  [1m[35mBEGIN[0m
  ↳ /Users/mikepogran/.rbenv/versions/2.5.7/bin/rake:23
  [1m[35m (37.9ms)[0m  [1m[35mCREATE TABLE "user_folders" ("id" bigserial primary key, "user_id" bigint NOT NULL, "folder_id" bigint NOT NULL, "owner" boolean DEFAULT FALSE NOT NULL, "favorite" boolean DEFAULT FALSE NOT NULL, "created_at" timestamp NOT NULL, "updated_at" timestamp NOT NULL, "deleted_at" timestamp, CONSTRAINT "fk_rails_8abead6aee"
FOREIGN KEY ("user_id")
  REFERENCES "users" ("id")
, CONSTRAINT "fk_rails_d4527ae1ca"
FOREIGN KEY ("folder_id")
  REFERENCES "folders" ("id")
)[0m
  ↳ db/migrate/20191120031306_create_user_folders.rb:3
  [1m[35m (1.2ms)[0m  [1m[35mCREATE  INDEX  "index_user_folders_on_user_id" ON "user_folders"  ("user_id")[0m
  ↳ db/migrate/20191120031306_create_user_folders.rb:3
  [1m[35m (0.9ms)[0m  [1m[35mCREATE  INDEX  "index_user_folders_on_folder_id" ON "user_folders"  ("folder_id")[0m
  ↳ db/migrate/20191120031306_create_user_folders.rb:3
  [1m[36mActiveRecord::SchemaMigration Create (1.1ms)[0m  [1m[32mINSERT INTO "schema_migrations" ("version") VALUES ($1) RETURNING "version"[0m  [["version", "20191120031306"]]
  ↳ /Users/mikepogran/.rbenv/versions/2.5.7/bin/rake:23
  [1m[35m (0.7ms)[0m  [1m[35mCOMMIT[0m
  ↳ /Users/mikepogran/.rbenv/versions/2.5.7/bin/rake:23
  [1m[36mActiveRecord::InternalMetadata Load (2.9ms)[0m  [1m[34mSELECT  "ar_internal_metadata".* FROM "ar_internal_metadata" WHERE "ar_internal_metadata"."key" = $1 LIMIT $2[0m  [["key", "environment"], ["LIMIT", 1]]
  ↳ /Users/mikepogran/.rbenv/versions/2.5.7/bin/rake:23
  [1m[35m (0.3ms)[0m  [1m[35mBEGIN[0m
  ↳ /Users/mikepogran/.rbenv/versions/2.5.7/bin/rake:23
  [1m[35m (0.1ms)[0m  [1m[35mCOMMIT[0m
  ↳ /Users/mikepogran/.rbenv/versions/2.5.7/bin/rake:23
  [1m[35m (0.2ms)[0m  [1m[34mSELECT pg_advisory_unlock(1347752862618828750)[0m
  ↳ /Users/mikepogran/.rbenv/versions/2.5.7/bin/rake:23
  [1m[35m (0.2ms)[0m  [1m[34mSELECT "schema_migrations"."version" FROM "schema_migrations" ORDER BY "schema_migrations"."version" ASC[0m
  ↳ /Users/mikepogran/.rbenv/versions/2.5.7/bin/rake:23
  [1m[35m (1.1ms)[0m  [1m[34mSELECT pg_try_advisory_lock(1347752862618828750)[0m
  ↳ /Users/mikepogran/.rbenv/versions/2.5.7/bin/rake:23
  [1m[35m (7.2ms)[0m  [1m[34mSELECT "schema_migrations"."version" FROM "schema_migrations" ORDER BY "schema_migrations"."version" ASC[0m
  ↳ /Users/mikepogran/.rbenv/versions/2.5.7/bin/rake:23
Migrating to CreateFolders (20191120030551)
  [1m[35m (0.2ms)[0m  [1m[35mBEGIN[0m
  ↳ /Users/mikepogran/.rbenv/versions/2.5.7/bin/rake:23
  [1m[35m (28.1ms)[0m  [1m[35mDROP TABLE "folders"[0m
  ↳ /Users/mikepogran/.rbenv/versions/2.5.7/bin/rake:23
  [1m[35m (0.2ms)[0m  [1m[31mROLLBACK[0m
  ↳ /Users/mikepogran/.rbenv/versions/2.5.7/bin/rake:23
  [1m[35m (0.4ms)[0m  [1m[34mSELECT pg_advisory_unlock(1347752862618828750)[0m
  ↳ /Users/mikepogran/.rbenv/versions/2.5.7/bin/rake:23
  [1m[35m (6.0ms)[0m  [1m[34mSELECT pg_try_advisory_lock(1347752862618828750)[0m
  ↳ /Users/mikepogran/.rbenv/versions/2.5.7/bin/rake:23
  [1m[35m (6.1ms)[0m  [1m[34mSELECT "schema_migrations"."version" FROM "schema_migrations" ORDER BY "schema_migrations"."version" ASC[0m
  ↳ /Users/mikepogran/.rbenv/versions/2.5.7/bin/rake:23
Migrating to CreateFolders (20191120030551)
  [1m[35m (0.2ms)[0m  [1m[35mBEGIN[0m
  ↳ /Users/mikepogran/.rbenv/versions/2.5.7/bin/rake:23
  [1m[35m (29.8ms)[0m  [1m[35mDROP TABLE "folders"[0m
  ↳ /Users/mikepogran/.rbenv/versions/2.5.7/bin/rake:23
  [1m[35m (0.2ms)[0m  [1m[31mROLLBACK[0m
  ↳ /Users/mikepogran/.rbenv/versions/2.5.7/bin/rake:23
  [1m[35m (0.3ms)[0m  [1m[34mSELECT pg_advisory_unlock(1347752862618828750)[0m
  ↳ /Users/mikepogran/.rbenv/versions/2.5.7/bin/rake:23
  [1m[35m (11.1ms)[0m  [1m[35mALTER TABLE "folders" ADD "parent_folder_id" integer[0m
  [1m[35m (0.5ms)[0m  [1m[34mSELECT "schema_migrations"."version" FROM "schema_migrations" ORDER BY "schema_migrations"."version" ASC[0m
  ↳ /Users/mikepogran/.rbenv/versions/2.5.7/bin/rake:23
  [1m[35m (16.4ms)[0m  [1m[34mSELECT pg_try_advisory_lock(1347752862618828750)[0m
  ↳ bin/rails:9
  [1m[35m (5.2ms)[0m  [1m[34mSELECT "schema_migrations"."version" FROM "schema_migrations" ORDER BY "schema_migrations"."version" ASC[0m
  ↳ bin/rails:9
Migrating to AddDeviseToUsers (20200628142430)
  [1m[35m (0.2ms)[0m  [1m[35mBEGIN[0m
  ↳ bin/rails:9
  [1m[36mActiveRecord::SchemaMigration Create (19.9ms)[0m  [1m[32mINSERT INTO "schema_migrations" ("version") VALUES ($1) RETURNING "version"[0m  [["version", "20200628142430"]]
  ↳ bin/rails:9
  [1m[35m (2.1ms)[0m  [1m[35mCOMMIT[0m
  ↳ bin/rails:9
  [1m[36mActiveRecord::InternalMetadata Load (17.2ms)[0m  [1m[34mSELECT  "ar_internal_metadata".* FROM "ar_internal_metadata" WHERE "ar_internal_metadata"."key" = $1 LIMIT $2[0m  [["key", "environment"], ["LIMIT", 1]]
  ↳ bin/rails:9
  [1m[35m (0.4ms)[0m  [1m[35mBEGIN[0m
  ↳ bin/rails:9
  [1m[35m (0.2ms)[0m  [1m[35mCOMMIT[0m
  ↳ bin/rails:9
  [1m[35m (0.3ms)[0m  [1m[34mSELECT pg_advisory_unlock(1347752862618828750)[0m
  ↳ bin/rails:9
  [1m[35m (0.2ms)[0m  [1m[34mSELECT "schema_migrations"."version" FROM "schema_migrations" ORDER BY "schema_migrations"."version" ASC[0m
  ↳ bin/rails:9
  [1m[35m (1.8ms)[0m  [1m[34mSELECT "schema_migrations"."version" FROM "schema_migrations" ORDER BY "schema_migrations"."version" ASC[0m
  ↳ /Users/mikepogran/.rbenv/versions/2.5.7/bin/rake:23
  [1m[35m (0.2ms)[0m  [1m[34mSELECT "schema_migrations"."version" FROM "schema_migrations" ORDER BY "schema_migrations"."version" ASC[0m
  ↳ /Users/mikepogran/.rbenv/versions/2.5.7/bin/rake:23
  [1m[35m (0.2ms)[0m  [1m[34mSELECT "schema_migrations"."version" FROM "schema_migrations" ORDER BY "schema_migrations"."version" ASC[0m
  ↳ /Users/mikepogran/.rbenv/versions/2.5.7/bin/rake:23
  [1m[35m (0.2ms)[0m  [1m[34mSELECT pg_try_advisory_lock(1347752862618828750)[0m
  ↳ /Users/mikepogran/.rbenv/versions/2.5.7/bin/rake:23
  [1m[35m (0.2ms)[0m  [1m[34mSELECT "schema_migrations"."version" FROM "schema_migrations" ORDER BY "schema_migrations"."version" ASC[0m
  ↳ /Users/mikepogran/.rbenv/versions/2.5.7/bin/rake:23
Migrating to AddDeviseToUsers (20200628142430)
  [1m[35m (0.3ms)[0m  [1m[35mBEGIN[0m
  ↳ /Users/mikepogran/.rbenv/versions/2.5.7/bin/rake:23
  [1m[36mActiveRecord::SchemaMigration Destroy (23.8ms)[0m  [1m[31mDELETE FROM "schema_migrations" WHERE "schema_migrations"."version" = $1[0m  [["version", "20200628142430"]]
  ↳ /Users/mikepogran/.rbenv/versions/2.5.7/bin/rake:23
  [1m[35m (1.3ms)[0m  [1m[35mCOMMIT[0m
  ↳ /Users/mikepogran/.rbenv/versions/2.5.7/bin/rake:23
  [1m[35m (0.5ms)[0m  [1m[34mSELECT pg_advisory_unlock(1347752862618828750)[0m
  ↳ /Users/mikepogran/.rbenv/versions/2.5.7/bin/rake:23
  [1m[35m (0.3ms)[0m  [1m[34mSELECT "schema_migrations"."version" FROM "schema_migrations" ORDER BY "schema_migrations"."version" ASC[0m
  ↳ /Users/mikepogran/.rbenv/versions/2.5.7/bin/rake:23
  [1m[35m (6.7ms)[0m  [1m[34mSELECT COUNT(*) FROM "users"[0m
Creating scope :favorite. Overwriting existing method UserRecipe.favorite.
Creating scope :favorite. Overwriting existing method UserRecipe.favorite.
  [1m[36mUserRecipe Load (13.0ms)[0m  [1m[34mSELECT  "user_recipes".* FROM "user_recipes" WHERE "user_recipes"."favorite" = $1 LIMIT $2[0m  [["favorite", true], ["LIMIT", 11]]
  [1m[36mUserRecipe Load (1.7ms)[0m  [1m[34mSELECT  "user_recipes".* FROM "user_recipes" WHERE "user_recipes"."favorite" = $1 LIMIT $2[0m  [["favorite", true], ["LIMIT", 11]]
  [1m[35m (21.8ms)[0m  [1m[34mSELECT pg_try_advisory_lock(1347752862618828750)[0m
  ↳ bin/rails:9
  [1m[35m (1.4ms)[0m  [1m[34mSELECT "schema_migrations"."version" FROM "schema_migrations" ORDER BY "schema_migrations"."version" ASC[0m
  ↳ bin/rails:9
Migrating to AddIngredientsQuantityAndUnit (20200703224329)
  [1m[35m (0.1ms)[0m  [1m[35mBEGIN[0m
  ↳ bin/rails:9
  [1m[35m (84.1ms)[0m  [1m[35mALTER TABLE "list_ingredients" ADD "unit" character varying[0m
  ↳ db/migrate/20200703224329_add_ingredients_quantity_and_unit.rb:3
  [1m[35m (13.7ms)[0m  [1m[35mALTER TABLE "recipe_ingredients" ADD "quantity" decimal DEFAULT 0[0m
  ↳ db/migrate/20200703224329_add_ingredients_quantity_and_unit.rb:4
  [1m[35m (0.2ms)[0m  [1m[35mALTER TABLE "recipe_ingredients" ADD "unit" character varying[0m
  ↳ db/migrate/20200703224329_add_ingredients_quantity_and_unit.rb:5
  [1m[36mActiveRecord::SchemaMigration Create (0.5ms)[0m  [1m[32mINSERT INTO "schema_migrations" ("version") VALUES ($1) RETURNING "version"[0m  [["version", "20200703224329"]]
  ↳ bin/rails:9
  [1m[35m (3.6ms)[0m  [1m[35mCOMMIT[0m
  ↳ bin/rails:9
  [1m[36mActiveRecord::InternalMetadata Load (11.9ms)[0m  [1m[34mSELECT  "ar_internal_metadata".* FROM "ar_internal_metadata" WHERE "ar_internal_metadata"."key" = $1 LIMIT $2[0m  [["key", "environment"], ["LIMIT", 1]]
  ↳ bin/rails:9
  [1m[35m (0.2ms)[0m  [1m[35mBEGIN[0m
  ↳ bin/rails:9
  [1m[35m (0.2ms)[0m  [1m[35mCOMMIT[0m
  ↳ bin/rails:9
  [1m[35m (0.2ms)[0m  [1m[34mSELECT pg_advisory_unlock(1347752862618828750)[0m
  ↳ bin/rails:9
  [1m[35m (0.2ms)[0m  [1m[34mSELECT "schema_migrations"."version" FROM "schema_migrations" ORDER BY "schema_migrations"."version" ASC[0m
  ↳ bin/rails:9
